  imgui.cpp
  imgui_draw.cpp
  imgui_impl_glfw.cpp
  imgui_impl_opengl3.cpp
  imgui_widgets.cpp
  main.cpp
C:\Program Files (x86)\Windows Kits\10\Include\10.0.26100.0\shared\minwindef.h(130,9): warning C4005: 'APIENTRY': redefinición de macro
  (compilando archivo de origen "main.cpp")
      C:\Programacion Grafica\ExplorerMaps_V2\dependencias\include\GLFW\glfw3.h(123,11):
      vea la definición anterior de “APIENTRY”
  
C:\Programacion Grafica\ExplorerMaps_V2\ExplorerMaps_V2\miniaudio.h(80532,82): warning C4244: '=': conversión de 'ma_uint64' a 'ma_uint32'; posible pérdida de datos
  (compilando archivo de origen "main.cpp")
  
C:\Programacion Grafica\ExplorerMaps_V2\ExplorerMaps_V2\main.cpp(168,28): warning C4244: 'inicializando': conversión de 'double' a 'float'; posible pérdida de datos
  PhysicsWorld.cpp
C:\Programacion Grafica\ExplorerMaps_V2\ExplorerMaps_V2\PhysicsWorld.cpp(64,31): warning C4267: 'inicializando': conversión de 'size_t' a 'unsigned int'; posible pérdida de datos
C:\Programacion Grafica\ExplorerMaps_V2\ExplorerMaps_V2\PhysicsWorld.cpp(104,70): warning C4267: '=': conversión de 'size_t' a 'unsigned int'; posible pérdida de datos
  Generando código
  Previous IPDB was built with incompatible compiler, fall back to full compilation.
  All 4294 functions were compiled because no usable IPDB/IOBJ from previous compilation was found.
  Generación de código finalizada
  ExplorerMaps_V2.vcxproj -> C:\Programacion Grafica\ExplorerMaps_V2\x64\Release\ExplorerMaps_V2.exe
