c:\users\jurgu\source\repos\explorermaps_v2\explorermaps_v2\x64\release\vc145.pdb
c:\users\jurgu\source\repos\explorermaps_v2\explorermaps_v2\x64\release\physicsworld.obj
c:\users\jurgu\source\repos\explorermaps_v2\explorermaps_v2\x64\release\main.obj
c:\users\jurgu\source\repos\explorermaps_v2\explorermaps_v2\x64\release\imgui_widgets.obj
c:\users\jurgu\source\repos\explorermaps_v2\explorermaps_v2\x64\release\imgui_impl_opengl3.obj
c:\users\jurgu\source\repos\explorermaps_v2\explorermaps_v2\x64\release\imgui_impl_glfw.obj
c:\users\jurgu\source\repos\explorermaps_v2\explorermaps_v2\x64\release\imgui_draw.obj
c:\users\jurgu\source\repos\explorermaps_v2\explorermaps_v2\x64\release\imgui.obj
c:\users\jurgu\source\repos\explorermaps_v2\x64\release\explorermaps_v2.exe
c:\users\jurgu\source\repos\explorermaps_v2\x64\release\explorermaps_v2.pdb
c:\users\jurgu\source\repos\explorermaps_v2\explorermaps_v2\x64\release\explorermaps_v2.ipdb
c:\users\jurgu\source\repos\explorermaps_v2\explorermaps_v2\x64\release\explorermaps_v2.iobj
c:\users\jurgu\source\repos\explorermaps_v2\explorermaps_v2\x64\release\explorermaps_v2.tlog\cl.command.1.tlog
c:\users\jurgu\source\repos\explorermaps_v2\explorermaps_v2\x64\release\explorermaps_v2.tlog\cl.items.tlog
c:\users\jurgu\source\repos\explorermaps_v2\explorermaps_v2\x64\release\explorermaps_v2.tlog\cl.read.1.tlog
c:\users\jurgu\source\repos\explorermaps_v2\explorermaps_v2\x64\release\explorermaps_v2.tlog\cl.write.1.tlog
c:\users\jurgu\source\repos\explorermaps_v2\explorermaps_v2\x64\release\explorermaps_v2.tlog\link.command.1.tlog
c:\users\jurgu\source\repos\explorermaps_v2\explorermaps_v2\x64\release\explorermaps_v2.tlog\link.read.1.tlog
c:\users\jurgu\source\repos\explorermaps_v2\explorermaps_v2\x64\release\explorermaps_v2.tlog\link.secondary.1.tlog
c:\users\jurgu\source\repos\explorermaps_v2\explorermaps_v2\x64\release\explorermaps_v2.tlog\link.write.1.tlog
